[debug] [2022-08-06T16:15:14.069Z] ----------------------------------------------------------------------
[debug] [2022-08-06T16:15:14.071Z] Command:       C:\Program Files\nodejs\node.exe C:\Users\YAJNESH SHRIYAN\AppData\Roaming\npm\node_modules\firebase-tools\lib\bin\firebase.js init hosting
[debug] [2022-08-06T16:15:14.072Z] CLI Version:   11.4.2
[debug] [2022-08-06T16:15:14.072Z] Platform:      win32
[debug] [2022-08-06T16:15:14.072Z] Node Version:  v16.15.0
[debug] [2022-08-06T16:15:14.073Z] Time:          Sat Aug 06 2022 21:45:14 GMT+0530 (India Standard Time)
[debug] [2022-08-06T16:15:14.074Z] ----------------------------------------------------------------------
[debug] 
[debug] [2022-08-06T16:15:14.082Z] > command requires scopes: ["email","openid","https://www.googleapis.com/auth/cloudplatformprojects.readonly","https://www.googleapis.com/auth/firebase","https://www.googleapis.com/auth/cloud-platform"]
[debug] [2022-08-06T16:15:14.083Z] > authorizing via signed-in user (yajneshshriyan@gmail.com)
[info] 
     ######## #### ########  ######## ########     ###     ######  ########
     ##        ##  ##     ## ##       ##     ##  ##   ##  ##       ##
     ######    ##  ########  ######   ########  #########  ######  ######
     ##        ##  ##    ##  ##       ##     ## ##     ##       ## ##
     ##       #### ##     ## ######## ########  ##     ##  ######  ########

You're about to initialize a Firebase project in this directory:

  D:\projects2\netflix-clone

[info] 
=== Project Setup
[info] 
[info] First, let's associate this project directory with a Firebase project.
[info] You can create multiple project aliases by running firebase use --add, 
[info] but for now we'll just set up a default project.
[info] 
[debug] [2022-08-06T16:16:13.894Z] >>> [apiv2][query] GET https://firebase.googleapis.com/v1beta1/projects pageSize=100
[debug] [2022-08-06T16:16:15.144Z] <<< [apiv2][status] GET https://firebase.googleapis.com/v1beta1/projects 200
[debug] [2022-08-06T16:16:15.145Z] <<< [apiv2][body] GET https://firebase.googleapis.com/v1beta1/projects [omitted]
[info] i  Using project netflix-clone-daf75 (Netflix-clone) 
[info] 
=== Hosting Setup
[info] 
[info] Your public directory is the folder (relative to your project directory) that
[info] will contain Hosting assets to be uploaded with firebase deploy. If you
[info] have a build process for your assets, use your build's output directory.
[info] 
[debug] [2022-08-06T16:16:51.022Z] >>> [apiv2][query] GET https://www.gstatic.com/firebasejs/releases.json [none]
[debug] [2022-08-06T16:16:51.547Z] <<< [apiv2][status] GET https://www.gstatic.com/firebasejs/releases.json 200
[debug] [2022-08-06T16:16:51.547Z] <<< [apiv2][body] GET https://www.gstatic.com/firebasejs/releases.json {"current":{"version":"9.9.2","browserURL":"https://www.gstatic.com/firebasejs/9.9.2/firebase.js","packageURL":"https://www.gstatic.com/firebasejs/9.9.2/firebase.tgz"},"live":{"version":"9.9","browserURL":"https://www.gstatic.com/firebasejs/live/9.9/firebase.js","packageURL":"https://www.gstatic.com/firebasejs/live/9.9/firebase.tgz"},"components":{"analytics":"https://www.gstatic.com/firebasejs/9.9.2/firebase-analytics.js","app":"https://www.gstatic.com/firebasejs/9.9.2/firebase-app.js","app-check":"https://www.gstatic.com/firebasejs/9.9.2/firebase-app-check.js","auth":"https://www.gstatic.com/firebasejs/9.9.2/firebase-auth.js","auth/cordova":"https://www.gstatic.com/firebasejs/9.9.2/firebase-auth/cordova.js","auth/react-native":"https://www.gstatic.com/firebasejs/9.9.2/firebase-auth/react-native.js","functions":"https://www.gstatic.com/firebasejs/9.9.2/firebase-functions.js","firestore":"https://www.gstatic.com/firebasejs/9.9.2/firebase-firestore.js","firestore/lite":"https://www.gstatic.com/firebasejs/9.9.2/firebase-firestore/lite.js","installations":"https://www.gstatic.com/firebasejs/9.9.2/firebase-installations.js","storage":"https://www.gstatic.com/firebasejs/9.9.2/firebase-storage.js","performance":"https://www.gstatic.com/firebasejs/9.9.2/firebase-performance.js","remote-config":"https://www.gstatic.com/firebasejs/9.9.2/firebase-remote-config.js","messaging":"https://www.gstatic.com/firebasejs/9.9.2/firebase-messaging.js","messaging/sw":"https://www.gstatic.com/firebasejs/9.9.2/firebase-messaging/sw.js","database":"https://www.gstatic.com/firebasejs/9.9.2/firebase-database.js","firestore.memory":"https://www.gstatic.com/firebasejs/9.9.2/firebase-firestore.memory.js"}}
[info] +  Wrote public/index.html 
[info] 
[info] i  Detected a .git folder at D:\projects2\netflix-clone 
[info] i  Authorizing with GitHub to upload your service account to a GitHub repository's secrets store. 
[info] 
[info] Visit this URL on this device to log in:
[info] https://github.com/login/oauth/authorize?client_id=89cf50f02ac6aaed3484&state=1035951873&redirect_uri=http%3A%2F%2Flocalhost%3A9005&scope=read%3Auser%20repo%20public_repo
[info] 
[info] Waiting for authentication...
[debug] [2022-08-06T16:17:17.815Z] >>> [apiv2][query] POST https://github.com/login/oauth/access_token [none]
[debug] [2022-08-06T16:17:17.816Z] >>> [apiv2][body] POST https://github.com/login/oauth/access_token [stream]
[debug] [2022-08-06T16:17:18.334Z] <<< [apiv2][status] POST https://github.com/login/oauth/access_token 200
[debug] [2022-08-06T16:17:18.334Z] <<< [apiv2][body] POST https://github.com/login/oauth/access_token {"access_token":"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","token_type":"bearer","scope":"read:user,repo"}
[debug] [2022-08-06T16:17:18.354Z] >>> [apiv2][query] GET https://api.github.com/user [none]
[debug] [2022-08-06T16:17:18.850Z] <<< [apiv2][status] GET https://api.github.com/user 200
[debug] [2022-08-06T16:17:18.850Z] <<< [apiv2][body] GET https://api.github.com/user {"login":"YajneshShriyan","id":86546321,"node_id":"MDQ6VXNlcjg2NTQ2MzIx","avatar_url":"https://avatars.githubusercontent.com/u/86546321?v=4","gravatar_id":"","url":"https://api.github.com/users/YajneshShriyan","html_url":"https://github.com/YajneshShriyan","followers_url":"https://api.github.com/users/YajneshShriyan/followers","following_url":"https://api.github.com/users/YajneshShriyan/following{/other_user}","gists_url":"https://api.github.com/users/YajneshShriyan/gists{/gist_id}","starred_url":"https://api.github.com/users/YajneshShriyan/starred{/owner}{/repo}","subscriptions_url":"https://api.github.com/users/YajneshShriyan/subscriptions","organizations_url":"https://api.github.com/users/YajneshShriyan/orgs","repos_url":"https://api.github.com/users/YajneshShriyan/repos","events_url":"https://api.github.com/users/YajneshShriyan/events{/privacy}","received_events_url":"https://api.github.com/users/YajneshShriyan/received_events","type":"User","site_admin":false,"name":null,"company":null,"blog":"","location":null,"email":null,"hireable":null,"bio":null,"twitter_username":null,"public_repos":6,"public_gists":0,"followers":2,"following":1,"created_at":"2021-06-27T05:53:40Z","updated_at":"2022-07-22T18:02:05Z","private_gists":0,"total_private_repos":5,"owned_private_repos":5,"disk_usage":8314,"collaborators":6,"two_factor_authentication":false,"plan":{"name":"pro","space":976562499,"collaborators":0,"private_repos":9999}}
[info] 
[info] +  Success! Logged into GitHub as YajneshShriyan 
[info] 
[debug] [2022-08-06T16:17:55.414Z] >>> [apiv2][query] GET https://api.github.com/repos//actions/secrets/public-key type=owner
[debug] [2022-08-06T16:17:55.426Z] >>> [apiv2][query] GET https://api.github.com/repos//actions/secrets/public-key type=owner
[debug] [2022-08-06T16:17:55.539Z] >>> [apiv2][query] GET https://api.github.com/repos//actions/secrets/public-key type=owner
[debug] [2022-08-06T16:17:56.075Z] <<< [apiv2][status] GET https://api.github.com/repos//actions/secrets/public-key 404
[debug] [2022-08-06T16:17:56.075Z] <<< [apiv2][body] GET https://api.github.com/repos//actions/secrets/public-key {"message":"Not Found","documentation_url":"https://docs.github.com/rest"}
[debug] [2022-08-06T16:17:56.096Z] <<< [apiv2][status] GET https://api.github.com/repos//actions/secrets/public-key 404
[debug] [2022-08-06T16:17:56.096Z] <<< [apiv2][body] GET https://api.github.com/repos//actions/secrets/public-key {"message":"Not Found","documentation_url":"https://docs.github.com/rest"}
[debug] [2022-08-06T16:17:56.111Z] <<< [apiv2][status] GET https://api.github.com/repos//actions/secrets/public-key 404
[debug] [2022-08-06T16:17:56.111Z] <<< [apiv2][body] GET https://api.github.com/repos//actions/secrets/public-key {"message":"Not Found","documentation_url":"https://docs.github.com/rest"}
[debug] [2022-08-06T16:18:28.332Z] >>> [apiv2][query] GET https://api.github.com/repos/netflix-clone/actions/secrets/public-key type=owner
[debug] [2022-08-06T16:18:28.898Z] <<< [apiv2][status] GET https://api.github.com/repos/netflix-clone/actions/secrets/public-key 404
[debug] [2022-08-06T16:18:28.898Z] <<< [apiv2][body] GET https://api.github.com/repos/netflix-clone/actions/secrets/public-key {"message":"Not Found","documentation_url":"https://docs.github.com/rest"}
[debug] [2022-08-06T16:35:04.164Z] ----------------------------------------------------------------------
[debug] [2022-08-06T16:35:04.166Z] Command:       C:\Program Files\nodejs\node.exe C:\Users\YAJNESH SHRIYAN\AppData\Roaming\npm\node_modules\firebase-tools\lib\bin\firebase.js deploy --only hosting
[debug] [2022-08-06T16:35:04.166Z] CLI Version:   11.4.2
[debug] [2022-08-06T16:35:04.166Z] Platform:      win32
[debug] [2022-08-06T16:35:04.167Z] Node Version:  v16.15.0
[debug] [2022-08-06T16:35:04.169Z] Time:          Sat Aug 06 2022 22:05:04 GMT+0530 (India Standard Time)
[debug] [2022-08-06T16:35:04.169Z] ----------------------------------------------------------------------
[debug] 
[debug] [2022-08-06T16:44:00.848Z] ----------------------------------------------------------------------
[debug] [2022-08-06T16:44:00.850Z] Command:       C:\Program Files\nodejs\node.exe C:\Users\YAJNESH SHRIYAN\AppData\Roaming\npm\node_modules\firebase-tools\lib\bin\firebase.js init hosting
[debug] [2022-08-06T16:44:00.850Z] CLI Version:   11.4.2
[debug] [2022-08-06T16:44:00.851Z] Platform:      win32
[debug] [2022-08-06T16:44:00.851Z] Node Version:  v16.15.0
[debug] [2022-08-06T16:44:00.851Z] Time:          Sat Aug 06 2022 22:14:00 GMT+0530 (India Standard Time)
[debug] [2022-08-06T16:44:00.852Z] ----------------------------------------------------------------------
[debug] 
[debug] [2022-08-06T16:44:00.858Z] > command requires scopes: ["email","openid","https://www.googleapis.com/auth/cloudplatformprojects.readonly","https://www.googleapis.com/auth/firebase","https://www.googleapis.com/auth/cloud-platform"]
[debug] [2022-08-06T16:44:00.858Z] > authorizing via signed-in user (yajneshshriyan@gmail.com)
[info] 
     ######## #### ########  ######## ########     ###     ######  ########
     ##        ##  ##     ## ##       ##     ##  ##   ##  ##       ##
     ######    ##  ########  ######   ########  #########  ######  ######
     ##        ##  ##    ##  ##       ##     ## ##     ##       ## ##
     ##       #### ##     ## ######## ########  ##     ##  ######  ########

You're about to initialize a Firebase project in this directory:

  D:\projects2\netflix-clone

[info] 
=== Project Setup
[info] 
[info] First, let's associate this project directory with a Firebase project.
[info] You can create multiple project aliases by running firebase use --add, 
[info] but for now we'll just set up a default project.
[info] 
[debug] [2022-08-06T16:44:07.431Z] >>> [apiv2][query] GET https://firebase.googleapis.com/v1beta1/projects pageSize=100
[debug] [2022-08-06T16:44:37.440Z] Timeout reached making request to https://firebase.googleapis.com/v1beta1/projects?pageSize=100
[debug] [2022-08-06T19:59:29.004Z] FirebaseError: Timeout reached making request to https://firebase.googleapis.com/v1beta1/projects?pageSize=100
    at RetryOperation._fn (C:\Users\YAJNESH SHRIYAN\AppData\Roaming\npm\node_modules\firebase-tools\lib\apiv2.js:238:35)
    at processTicksAndRejections (node:internal/process/task_queues:96:5)
[error] 
[error] Error: Failed to list Firebase projects. See firebase-debug.log for more info.
